Past initializing memory manager.
Past initializing virtual memory manager.
FFFF810000000000
FFFF810000001000
FFFF810000002000
FFFF810000003000
FFFF810000004000
FFFF810000005000
FFFF810000006000
FFFF810000007000
FFFF810000008000
FFFF810000009000
FFFF81000000A000
FFFF81000000B000
FFFF81000000C000
FFFF81000000D000
FFFF81000000E000
FFFF81000000F000
FFFF810000010000
FFFF810000011000
FFFF810000012000
FFFF810000013000
FFFF810000014000
FFFF810000015000
FFFF810000016000
FFFF810000017000
FFFF810000018000
FFFF810000019000
FFFF81000001A000
FFFF81000001B000
FFFF81000001C000
FFFF81000001D000
FFFF81000001E000
FFFF81000001F000
FFFF810000020000
FFFF810000021000
FFFF810000022000
FFFF810000023000
FFFF810000024000
FFFF810000025000
FFFF810000026000
FFFF810000027000
FFFF810000028000
FFFF810000029000
FFFF81000002A000
FFFF81000002B000
FFFF81000002C000
FFFF81000002D000
FFFF81000002E000
FFFF81000002F000
FFFF810000030000
FFFF810000031000
FFFF810000032000
FFFF810000033000
FFFF810000034000
FFFF810000035000
FFFF810000036000
FFFF810000037000
FFFF810000038000
FFFF810000039000
FFFF81000003A000
FFFF81000003B000
FFFF81000003C000
FFFF81000003D000
FFFF81000003E000
FFFF81000003F000
FFFF810000040000
FFFF810000041000
FFFF810000042000
FFFF810000043000
FFFF810000044000
FFFF810000045000
FFFF810000046000
FFFF810000047000
FFFF810000048000
FFFF810000049000
FFFF81000004A000
FFFF81000004B000
FFFF81000004C000
FFFF81000004D000
FFFF81000004E000
FFFF81000004F000
FFFF810000050000
FFFF810000051000
FFFF810000052000
FFFF810000053000
FFFF810000054000
FFFF810000055000
FFFF810000056000
FFFF810000057000
FFFF810000058000
FFFF810000059000
FFFF81000005A000
FFFF81000005B000
FFFF81000005C000
FFFF81000005D000
FFFF81000005E000
FFFF81000005F000
FFFF810000060000
FFFF810000061000
FFFF810000062000
FFFF810000063000
FFFF810000064000
FFFF810000065000
FFFF810000066000
FFFF810000067000
FFFF810000068000
FFFF810000069000
FFFF81000006A000
FFFF81000006B000
FFFF81000006C000
FFFF81000006D000
FFFF81000006E000
FFFF81000006F000
FFFF810000070000
FFFF810000071000
FFFF810000072000
FFFF810000073000
FFFF810000074000
FFFF810000075000
FFFF810000076000
FFFF810000077000
FFFF810000078000
FFFF810000079000
FFFF81000007A000
FFFF81000007B000
FFFF81000007C000
FFFF81000007D000
FFFF81000007E000
FFFF81000007F000
FFFF810000080000
FFFF810000081000
FFFF810000082000
FFFF810000083000
FFFF810000084000
FFFF810000085000
FFFF810000086000
FFFF810000087000
FFFF810000088000
FFFF810000089000
FFFF81000008A000
FFFF81000008B000
FFFF81000008C000
FFFF81000008D000
FFFF81000008E000
FFFF81000008F000
FFFF810000090000
FFFF810000091000
FFFF810000092000
FFFF810000093000
FFFF810000094000
FFFF810000095000
FFFF810000096000
FFFF810000097000
FFFF810000098000
FFFF810000099000
FFFF81000009A000
FFFF81000009B000
FFFF81000009C000
FFFF81000009D000
FFFF81000009E000
FFFF81000009F000
FFFF8100000A0000
FFFF8100000A1000
FFFF8100000A2000
FFFF8100000A3000
FFFF8100000A4000
FFFF8100000A5000
FFFF8100000A6000
FFFF8100000A7000
FFFF8100000A8000
FFFF8100000A9000
FFFF8100000AA000
FFFF8100000AB000
FFFF8100000AC000
FFFF8100000AD000
FFFF8100000AE000
FFFF8100000AF000
FFFF8100000B0000
FFFF8100000B1000
FFFF8100000B2000
FFFF8100000B3000
FFFF8100000B4000
FFFF8100000B5000
FFFF8100000B6000
FFFF8100000B7000
FFFF8100000B8000
FFFF8100000B9000
FFFF8100000BA000
FFFF8100000BB000
FFFF8100000BC000
FFFF8100000BD000
FFFF8100000BE000
FFFF8100000BF000
FFFF8100000C0000
FFFF8100000C1000
FFFF8100000C2000
FFFF8100000C3000
FFFF8100000C4000
FFFF8100000C5000
FFFF8100000C6000
FFFF8100000C7000
FFFF8100000C8000
FFFF8100000C9000
FFFF8100000CA000
FFFF8100000CB000
FFFF8100000CC000
FFFF8100000CD000
FFFF8100000CE000
FFFF8100000CF000
FFFF8100000D0000
FFFF8100000D1000
FFFF8100000D2000
FFFF8100000D3000
FFFF8100000D4000
FFFF8100000D5000
FFFF8100000D6000
FFFF8100000D7000
FFFF8100000D8000
FFFF8100000D9000
FFFF8100000DA000
FFFF8100000DB000
FFFF8100000DC000
FFFF8100000DD000
FFFF8100000DE000
FFFF8100000DF000
FFFF8100000E0000
FFFF8100000E1000
FFFF8100000E2000
FFFF8100000E3000
FFFF8100000E4000
FFFF8100000E5000
FFFF8100000E6000
FFFF8100000E7000
FFFF8100000E8000
FFFF8100000E9000
FFFF8100000EA000
FFFF8100000EB000
FFFF8100000EC000
FFFF8100000ED000
FFFF8100000EE000
FFFF8100000EF000
FFFF8100000F0000
FFFF8100000F1000
FFFF8100000F2000
FFFF8100000F3000
FFFF8100000F4000
FFFF8100000F5000
FFFF8100000F6000
FFFF8100000F7000
FFFF8100000F8000
FFFF8100000F9000
FFFF8100000FA000
FFFF8100000FB000
FFFF8100000FC000
FFFF8100000FD000
FFFF8100000FE000
FFFF8100000FF000
Called ABI constructors.
Loaded new GDT.
Loaded new IDT.
Enabled interrupts.
Initialized ACPI subsystem.
